0 info it worked if it ends with ok
1 verbose cli [ 'C:\\Program Files\\nodejs\\node.exe',
1 verbose cli   'C:\\Program Files\\nodejs\\node_modules\\npm\\bin\\npm-cli.js',
1 verbose cli   'start' ]
2 info using npm@2.14.7
3 info using node@v4.2.2
4 verbose run-script [ 'prestart', 'start', 'poststart' ]
5 info prestart angular2-bootstrap-pagination@2.1.2
6 info start angular2-bootstrap-pagination@2.1.2
7 verbose unsafe-perm in lifecycle true
8 info angular2-bootstrap-pagination@2.1.2 Failed to exec start script
9 verbose stack Error: angular2-bootstrap-pagination@2.1.2 start: `tsc && concurrently "npm run tsc:w" "npm run lite" `
9 verbose stack Exit status 2
9 verbose stack     at EventEmitter.<anonymous> (C:\Program Files\nodejs\node_modules\npm\lib\utils\lifecycle.js:214:16)
9 verbose stack     at emitTwo (events.js:87:13)
9 verbose stack     at EventEmitter.emit (events.js:172:7)
9 verbose stack     at ChildProcess.<anonymous> (C:\Program Files\nodejs\node_modules\npm\lib\utils\spawn.js:24:14)
9 verbose stack     at emitTwo (events.js:87:13)
9 verbose stack     at ChildProcess.emit (events.js:172:7)
9 verbose stack     at maybeClose (internal/child_process.js:818:16)
9 verbose stack     at Process.ChildProcess._handle.onexit (internal/child_process.js:211:5)
10 verbose pkgid angular2-bootstrap-pagination@2.1.2
11 verbose cwd E:\modules\angular2-autocomplete
12 error Windows_NT 10.0.10240
13 error argv "C:\\Program Files\\nodejs\\node.exe" "C:\\Program Files\\nodejs\\node_modules\\npm\\bin\\npm-cli.js" "start"
14 error node v4.2.2
15 error npm  v2.14.7
16 error code ELIFECYCLE
17 error angular2-bootstrap-pagination@2.1.2 start: `tsc && concurrently "npm run tsc:w" "npm run lite" `
17 error Exit status 2
18 error Failed at the angular2-bootstrap-pagination@2.1.2 start script 'tsc && concurrently "npm run tsc:w" "npm run lite" '.
18 error This is most likely a problem with the angular2-bootstrap-pagination package,
18 error not with npm itself.
18 error Tell the author that this fails on your system:
18 error     tsc && concurrently "npm run tsc:w" "npm run lite"
18 error You can get their info via:
18 error     npm owner ls angular2-bootstrap-pagination
18 error There is likely additional logging output above.
19 verbose exit [ 1, true ]
